[chatapap.webflow.io/index.html]
[backblue.gif]
[fade.gif]
[index.html]
[assets-global.website-files.com/65c9b678d86972b1b07c57b6/css/chatapap.webflow.145bf2ca9.css]
[ajax.googleapis.com/ajax/libs/webfont/1.6.26/webfont.js]
[cdn.prod.website-files.com/65c9b678d86972b1b07c57b6/65d03f10321ba6c43ba85c4c_Favicon-min.png]
[cdn.prod.website-files.com/65c9b678d86972b1b07c57b6/65d03f16321ba6c43ba85ea6_Webclip-min.jpg]
[cdn.prod.website-files.com/65c9b678d86972b1b07c57b6/65cda7f7be361b624b084c8b_Company_Logo.png]
[cdn.prod.website-files.com/65c9b678d86972b1b07c57b6/65ca29e72617ece37c6521de_Frame_1.png]
[cdn.prod.website-files.com/65c9b678d86972b1b07c57b6/65cda775a3f473e041e6c6f7_logo-3.png]
[cdn.prod.website-files.com/65c9b678d86972b1b07c57b6/65cda77505c9f490c5b2e8d6_logo-2.png]
[cdn.prod.website-files.com/65c9b678d86972b1b07c57b6/65cda7757cb311efd7349d26_logo-5.png]
[cdn.prod.website-files.com/65c9b678d86972b1b07c57b6/65cda7757cfa50e20678e169_logo-6.png]
[cdn.prod.website-files.com/65c9b678d86972b1b07c57b6/65cda7752bbc7d57ac4ad7c3_logo-4.png]
[cdn.prod.website-files.com/65c9b678d86972b1b07c57b6/65cda775929e7e1c64ce86ca_logo.png]
[cdn.prod.website-files.com/65c9b678d86972b1b07c57b6/65cda775ce8ea2ff41cc0c9c_logo-1.png]
[cdn.prod.website-files.com/65c9b678d86972b1b07c57b6/65cda775c4a024842449e6f3_logo-7.png]
[cdn.prod.website-files.com/65c9b678d86972b1b07c57b6/65cda77580554dc7bf3d7429_Service_1.png]
[cdn.prod.website-files.com/65c9b678d86972b1b07c57b6/65cda775ffa57e6270709834_Service_2.png]
[cdn.prod.website-files.com/65c9b678d86972b1b07c57b6/65cda775abb423cfdb57dac1_Service_3.png]
[cdn.prod.website-files.com/65c9b678d86972b1b07c57b6/65d047c9f47783af1686bca8_Feature_Icon_1.png]
[cdn.prod.website-files.com/65c9b678d86972b1b07c57b6/65d047c9eed68a26ecfea580_Feature_Icon_3.png]
[cdn.prod.website-files.com/65c9b678d86972b1b07c57b6/65d047c9fee042d9b29d03fa_Feature_Icon_7.png]
[cdn.prod.website-files.com/65c9b678d86972b1b07c57b6/65d047c936a42cbf42990676_Feature_Icon_8.png]
[cdn.prod.website-files.com/65c9b678d86972b1b07c57b6/65d047c93468e1a2dfcafd3a_Feature_Icon_5.png]
[cdn.prod.website-files.com/65c9b678d86972b1b07c57b6/65d047c9f142ad8c6ad9bcf5_Feature_Icon_6.png]
[cdn.prod.website-files.com/65c9b678d86972b1b07c57b6/65d047c96ca432aa0675e0b8_Feature_Icon_4.png]
[cdn.prod.website-files.com/65c9b678d86972b1b07c57b6/65d047c97ea1ca162bd380ce_Feature_Icon_2.png]
[cdn.prod.website-files.com/65c9b678d86972b1b07c57b6/65cda77514585de16106b773_Pointer.png]
[cdn.prod.website-files.com/65c9b678d86972b1b07c57b6/65d4de9109eca4552402eb03_Frame_3.png]
[cdn.prod.website-files.com/65c9b678d86972b1b07c57b6/65cf6542e5d56f9c188bc8f1_Frame_2.png]
[cdn.prod.website-files.com/65c9b678d86972b1b07c57b6/65cf65423deb77d30557bdf5_Check.png]
[cdn.prod.website-files.com/65c9b678d86972b1b07c57b6/65ce14c9bab8ece6cce97d60_Vector.png]
[cdn.prod.website-files.com/65c9b678d86972b1b07c57b6/65c9b678d86972b1b07c57c1_Testimonial_Avatar_2.jpg]
[cdn.prod.website-files.com/65c9b678d86972b1b07c57b6/65c9b678d86972b1b07c57c3_Testimonial_Avatar_3.jpg]
[cdn.prod.website-files.com/65c9b678d86972b1b07c57b6/65c9b678d86972b1b07c57c4_Testimonial_Avatar_5.jpg]
[cdn.prod.website-files.com/65c9b678d86972b1b07c57b6/65ce14c8961661f715e7226b_Plus.png]
[chatapap.webflow.io/template-info/style-guide.html]
[chatapap.webflow.io/template-info/license.html]
[chatapap.webflow.io/template-info/change-log.html]
[chatapap.webflow.io/404.html]
[chatapap.webflow.io/401.html]
[cdn.prod.website-files.com/65c9b678d86972b1b07c57b6/65ce14c99f792c46e346b36b_Facebook.png]
[cdn.prod.website-files.com/65c9b678d86972b1b07c57b6/65ce14c83f12b812a563acbc_Instagram.png]
[cdn.prod.website-files.com/65c9b678d86972b1b07c57b6/65ce14c9b5b39a81831d20eb_X.png]
[cdn.prod.website-files.com/65c9b678d86972b1b07c57b6/65ce14c9000aa55496535494_LinkedIn.png]
[d3e54v103j8qbb.cloudfront.net/js/jquery-3.5.1.min.dc5e7f18c85f86.js]
[chatapap.webflow.io/index.html]
[assets-global.website-files.com/65c9b678d86972b1b07c57b6/js/webflow.ecc2b39c6.js]
[assets-global.website-files.com/65c9b678d86972b1b07c57b6/65ca27de4522ac324b84d7bc_Box.png]
[assets-global.website-files.com/65c9b678d86972b1b07c57b6/css/chatapap.webflow.145bf2ca9.css]
[cdn.prod.website-files.com/65c9b678d86972b1b07c57b6/65c9b678d86972b1b07c57bf_Richtext_Image.jpg]
[chatapap.webflow.io/template-info/style-guide.html]
[chatapap.webflow.io/template-info/license.html]
[chatapap.webflow.io/template-info/change-log.html]
[assets-global.website-files.com/65c9b678d86972b1b07c57b6/65d03f10321ba6c43ba85c4c_Favicon-min.png]
[assets-global.website-files.com/65c9b678d86972b1b07c57b6/65d03f16321ba6c43ba85ea6_Webclip-min.jpg]
[chatapap.webflow.io/404.html]
[chatapap.webflow.io/401.html]
